<?xml version="1.0" encoding="UTF-8"?>
<testng-results ignored="0" total="1" passed="1" failed="0" skipped="0">
  <reporter-output>
    <line>
      <![CDATA[Login successful]]>
    </line>
  </reporter-output>
  <suite started-at="2024-07-19T17:20:53 IST" name="Default suite" finished-at="2024-07-19T17:21:24 IST" duration-ms="31009">
    <groups>
      <group name="smoke">
        <method signature="SS_Login_02.login()[pri:0, instance:shopperstack.SS_Login_02@47d9a273]" name="login" class="shopperstack.SS_Login_02"/>
      </group> <!-- smoke -->
    </groups>
    <test started-at="2024-07-19T17:20:53 IST" name="Default test" finished-at="2024-07-19T17:21:24 IST" duration-ms="31009">
      <class name="shopperstack.SS_Login_02">
        <test-method signature="login()[pri:0, instance:shopperstack.SS_Login_02@47d9a273]" started-at="2024-07-19T17:20:53 IST" name="login" finished-at="2024-07-19T17:21:24 IST" duration-ms="30983" status="PASS">
          <reporter-output>
            <line>
              <![CDATA[Login successful]]>
            </line>
          </reporter-output>
        </test-method> <!-- login -->
      </class> <!-- shopperstack.SS_Login_02 -->
    </test> <!-- Default test -->
  </suite> <!-- Default suite -->
</testng-results>
